Base path: D:/GameDev/Unity/2018.3.4f1/Editor/Data
Cmd: initializeCompiler
Cmd: compileComputeKernel
  api=4 insize=13661 outsize=21453 ok=1
Cmd: compileComputeKernel
  api=4 insize=13661 outsize=38829 ok=1
Cmd: compileComputeKernel
  api=4 insize=13661 outsize=31133 ok=1
Cmd: compileComputeKernel
  api=4 insize=13661 outsize=67889 ok=1
Cmd: compileComputeKernel
  api=4 insize=13661 outsize=31081 ok=1
Cmd: compileComputeKernel
  api=4 insize=13661 outsize=87137 ok=1
Cmd: compileComputeKernel
  api=4 insize=13661 outsize=32549 ok=1
Cmd: compileComputeKernel
  api=4 insize=26681 outsize=15773 ok=1
Cmd: compileComputeKernel
  api=4 insize=11176 outsize=9849 ok=1
Cmd: compileComputeKernel
  api=4 insize=5022 outsize=9129 ok=1
Cmd: compileComputeKernel
  api=4 insize=18731 outsize=10377 ok=1
Cmd: compileComputeKernel
  api=4 insize=19063 outsize=14241 ok=1
Cmd: compileComputeKernel
  api=4 insize=692 outsize=573 ok=1
Cmd: compileComputeKernel
  api=4 insize=36517 outsize=33537 ok=1
Cmd: compileComputeKernel
  api=4 insize=8350 outsize=2077 ok=1
Cmd: compileComputeKernel
  api=4 insize=3506 outsize=1321 ok=1
Cmd: compileComputeKernel
  api=4 insize=16866 outsize=5425 ok=1
Cmd: compileComputeKernel
  api=4 insize=16866 outsize=5929 ok=1
Cmd: compileComputeKernel
  api=4 insize=16866 outsize=7485 ok=1
Cmd: compileComputeKernel
  api=4 insize=16866 outsize=7789 ok=1
Cmd: compileComputeKernel
  api=4 insize=16866 outsize=9977 ok=1
Cmd: compileComputeKernel
  api=4 insize=16866 outsize=8773 ok=1
Cmd: compileComputeKernel
  api=4 insize=16866 outsize=11145 ok=1

Quitting shader compiler process
